Design Assistant report for decade_counter
Wed Feb 16 13:14:32 2022
Quartus Prime Version 21.1.0 Build 842 10/21/2021 SJ Lite Edition


---------------------
; Table of Contents ;
---------------------
  1. Legal Notice
  2. Design Assistant Summary
  3. Design Assistant Settings
  4. Medium Violations
  5. Information only Violations
  6. Design Assistant Messages



----------------
; Legal Notice ;
----------------
Copyright (C) 2021  Intel Corporation. All rights reserved.
Your use of Intel Corporation's design tools, logic functions 
and other software and tools, and any partner logic 
functions, and any output files from any of the foregoing 
(including device programming or simulation files), and any 
associated documentation or information are expressly subject 
to the terms and conditions of the Intel Program License 
Subscription Agreement, the Intel Quartus Prime License Agreement,
the Intel FPGA IP License Agreement, or other applicable license
agreement, including, without limitation, that your use is for
the sole purpose of programming logic devices manufactured by
Intel and sold by Intel or its authorized distributors.  Please
refer to the applicable agreement for further details, at
https://fpgasoftware.intel.com/eula.



+-------------------------------------------------------------------------+
; Design Assistant Summary                                                ;
+-----------------------------------+-------------------------------------+
; Design Assistant Status           ; Analyzed - Wed Feb 16 13:14:32 2022 ;
; Revision Name                     ; decade_counter                      ;
; Top-level Entity Name             ; decade_Counter                      ;
; Family                            ; Cyclone V                           ;
; Total Critical Violations         ; 0                                   ;
; Total High Violations             ; 0                                   ;
; Total Medium Violations           ; 1                                   ;
; - Rule R102                       ; 1                                   ;
; Total Information only Violations ; 30                                  ;
; - Rule T102                       ; 30                                  ;
+-----------------------------------+-------------------------------------+


+------------------------------------------------------------------------------------------------------------------------------------------------------------------------------------------+
; Design Assistant Settings                                                                                                                                                                ;
+----------------------------------------------------------------------------------------------------------------------------------------------------------------------+--------------+----+
; Option                                                                                                                                                               ; Setting      ; To ;
+----------------------------------------------------------------------------------------------------------------------------------------------------------------------+--------------+----+
; Design Assistant mode                                                                                                                                                ; Post-Fitting ;    ;
; Threshold value for clock net not mapped to clock spines rule                                                                                                        ; 25           ;    ;
; Minimum number of clock port feed by gated clocks                                                                                                                    ; 30           ;    ;
; Minimum number of node fan-out                                                                                                                                       ; 30           ;    ;
; Maximum number of nodes to report                                                                                                                                    ; 50           ;    ;
; Rule C101: Gated clock should be implemented according to the Intel FPGA standard scheme                                                                             ; On           ;    ;
; Rule C102: Logic cell should not be used to generate an inverted clock signal                                                                                        ; On           ;    ;
; Rule C103: Gated clock does not feed at least a pre-defined number of clock ports to effectively save power                                                          ; On           ;    ;
; Rule C104: Clock signal source should drive only clock input ports                                                                                                   ; On           ;    ;
; Rule C105: Clock signal should be a global signal                                                                                                                    ; On           ;    ;
; Rule C106: Clock signal source should not drive registers triggered by different clock edges                                                                         ; On           ;    ;
; Rule R101: Combinational logic used as a reset signal should be synchronized                                                                                         ; On           ;    ;
; Rule R102: External reset signals should be synchronized using two cascaded registers                                                                                ; On           ;    ;
; Rule R103: External reset signal should be correctly synchronized                                                                                                    ; On           ;    ;
; Rule R104: The reset signal that is generated in one clock domain and used in another clock domain should be correctly synchronized                                  ; On           ;    ;
; Rule R105: The reset signal that is generated in one clock domain and used in another clock domain should be synchronized                                            ; On           ;    ;
; Rule T101: Nodes with more than the specified number of fan-outs                                                                                                     ; On           ;    ;
; Rule T102: Top nodes with the highest number of fan-outs                                                                                                             ; On           ;    ;
; Rule A101: Design should not contain combinational loops                                                                                                             ; On           ;    ;
; Rule A102: Register output should not drive its own control signal directly or through combinational logic                                                           ; On           ;    ;
; Rule A103: Design should not contain delay chains                                                                                                                    ; On           ;    ;
; Rule A104: Design should not contain ripple clock structures                                                                                                         ; On           ;    ;
; Rule A105: Pulses should not be implemented asynchronously                                                                                                           ; On           ;    ;
; Rule A106: Multiple pulses should not be generated in design                                                                                                         ; On           ;    ;
; Rule A107: Design should not contain SR latches                                                                                                                      ; On           ;    ;
; Rule A108: Design should not contain latches                                                                                                                         ; On           ;    ;
; Rule S101: Output enable and input of the same tri-state node should not be driven by same signal source                                                             ; On           ;    ;
; Rule S102: Synchronous port and asynchronous port of the same register should not be driven by the same signal source                                                ; On           ;    ;
; Rule S103: More than one asynchronous port of a register should not be driven by the same signal source                                                              ; On           ;    ;
; Rule S104: Clock port and any other port of a register should not be driven by the same signal source                                                                ; On           ;    ;
; Rule D101: Data bits are not synchronized when transferred between asynchronous clock domains                                                                        ; On           ;    ;
; Rule D102: Multiple data bits that are transferred across asynchronous clock domains are synchronized, but not all bits may be aligned in the receiving clock domain ; On           ;    ;
; Rule D103: Data bits are not correctly synchronized when transferred between asynchronous clock domains                                                              ; On           ;    ;
+----------------------------------------------------------------------------------------------------------------------------------------------------------------------+--------------+----+


+-------------------------------------------------------------------------------------------------------+
; Medium Violations                                                                                     ;
+---------------------------------------------------------------------------------------+---------------+
; Rule name                                                                             ; Name          ;
+---------------------------------------------------------------------------------------+---------------+
; Rule R102: External reset signals should be synchronized using two cascaded registers ; reset         ;
;  Reset signal destination node(s) list                                                ; count[3]~reg0 ;
;  Reset signal destination node(s) list                                                ; count[2]~reg0 ;
;  Reset signal destination node(s) list                                                ; count[1]~reg0 ;
;  Reset signal destination node(s) list                                                ; count[0]~reg0 ;
;  Reset signal destination node(s) list                                                ; TC~reg0       ;
+---------------------------------------------------------------------------------------+---------------+


+---------------------------------------------------------------------------------------+
; Information only Violations                                                           ;
+----------------------------------------------------------+------------------+---------+
; Rule name                                                ; Name             ; Fan-Out ;
+----------------------------------------------------------+------------------+---------+
; Rule T102: Top nodes with the highest number of fan-outs ; count[0]~reg0    ; 7       ;
; Rule T102: Top nodes with the highest number of fan-outs ; count[1]~reg0    ; 6       ;
; Rule T102: Top nodes with the highest number of fan-outs ; count[2]~reg0    ; 5       ;
; Rule T102: Top nodes with the highest number of fan-outs ; count[3]~reg0    ; 5       ;
; Rule T102: Top nodes with the highest number of fan-outs ; clk~inputCLKENA0 ; 5       ;
; Rule T102: Top nodes with the highest number of fan-outs ; count[0]~2       ; 4       ;
; Rule T102: Top nodes with the highest number of fan-outs ; TC~reg0          ; 2       ;
; Rule T102: Top nodes with the highest number of fan-outs ; count~3          ; 2       ;
; Rule T102: Top nodes with the highest number of fan-outs ; count~0          ; 2       ;
; Rule T102: Top nodes with the highest number of fan-outs ; count~6          ; 1       ;
; Rule T102: Top nodes with the highest number of fan-outs ; load             ; 1       ;
; Rule T102: Top nodes with the highest number of fan-outs ; count~5          ; 1       ;
; Rule T102: Top nodes with the highest number of fan-outs ; count~4          ; 1       ;
; Rule T102: Top nodes with the highest number of fan-outs ; counter_on       ; 1       ;
; Rule T102: Top nodes with the highest number of fan-outs ; clk              ; 1       ;
; Rule T102: Top nodes with the highest number of fan-outs ; count~1          ; 1       ;
; Rule T102: Top nodes with the highest number of fan-outs ; reset            ; 1       ;
; Rule T102: Top nodes with the highest number of fan-outs ; count_up         ; 1       ;
; Rule T102: Top nodes with the highest number of fan-outs ; data_in[0]       ; 1       ;
; Rule T102: Top nodes with the highest number of fan-outs ; Add0~0           ; 1       ;
; Rule T102: Top nodes with the highest number of fan-outs ; data_in[2]       ; 1       ;
; Rule T102: Top nodes with the highest number of fan-outs ; data_in[3]       ; 1       ;
; Rule T102: Top nodes with the highest number of fan-outs ; data_in[1]       ; 1       ;
; Rule T102: Top nodes with the highest number of fan-outs ; count[1]~output  ; 1       ;
; Rule T102: Top nodes with the highest number of fan-outs ; TC~1             ; 1       ;
; Rule T102: Top nodes with the highest number of fan-outs ; TC~0             ; 1       ;
; Rule T102: Top nodes with the highest number of fan-outs ; count[0]~output  ; 1       ;
; Rule T102: Top nodes with the highest number of fan-outs ; count[2]~output  ; 1       ;
; Rule T102: Top nodes with the highest number of fan-outs ; count[3]~output  ; 1       ;
; Rule T102: Top nodes with the highest number of fan-outs ; TC~output        ; 1       ;
+----------------------------------------------------------+------------------+---------+


+---------------------------+
; Design Assistant Messages ;
+---------------------------+
Info: *******************************************************************
Info: Running Quartus Prime Design Assistant
    Info: Version 21.1.0 Build 842 10/21/2021 SJ Lite Edition
    Info: Processing started: Wed Feb 16 13:14:31 2022
Info: Command: quartus_drc decade_counter -c decade_counter
Critical Warning (332012): Synopsys Design Constraints File file not found: 'decade_counter.sdc'. A Synopsys Design Constraints File is required by the Timing Analyzer to get proper timing constraints. Without it, the Compiler will not properly optimize the design.
Info (332144): No user constrained base clocks found in the design
Info (332143): No user constrained clock uncertainty found in the design. Calling "derive_clock_uncertainty"
Info (332123): Deriving Clock Uncertainty. Please refer to report_sdc in the Timing Analyzer to see clock uncertainties.
Warning (308023): (Medium) Rule R102: External reset signals should be synchronized using two cascaded registers. Found 1 node(s) related to this rule.
    Warning (308010): Node  "reset" File: C:/assignment/decade_counter/decade_counter.v Line: 3
Info (308044): (Information) Rule T102: Top nodes with the highest number of fan-outs. (Value defined:50). Found 30 node(s) with highest fan-out.
    Info (308011): Node  "count[0]~reg0" File: C:/assignment/decade_counter/decade_counter.v Line: 14
    Info (308011): Node  "count[1]~reg0" File: C:/assignment/decade_counter/decade_counter.v Line: 14
    Info (308011): Node  "count[2]~reg0" File: C:/assignment/decade_counter/decade_counter.v Line: 14
    Info (308011): Node  "count[3]~reg0" File: C:/assignment/decade_counter/decade_counter.v Line: 14
    Info (308011): Node  "clk~inputCLKENA0" File: C:/assignment/decade_counter/decade_counter.v Line: 5
    Info (308011): Node  "count[0]~2" File: C:/assignment/decade_counter/decade_counter.v Line: 14
    Info (308011): Node  "TC~reg0" File: C:/assignment/decade_counter/decade_counter.v Line: 14
    Info (308011): Node  "count~3" File: C:/assignment/decade_counter/decade_counter.v Line: 7
    Info (308011): Node  "count~0" File: C:/assignment/decade_counter/decade_counter.v Line: 7
    Info (308011): Node  "count~6" File: C:/assignment/decade_counter/decade_counter.v Line: 7
    Info (308011): Node  "load" File: C:/assignment/decade_counter/decade_counter.v Line: 2
    Info (308011): Node  "count~5" File: C:/assignment/decade_counter/decade_counter.v Line: 7
    Info (308011): Node  "count~4" File: C:/assignment/decade_counter/decade_counter.v Line: 7
    Info (308011): Node  "counter_on" File: C:/assignment/decade_counter/decade_counter.v Line: 4
    Info (308011): Node  "clk" File: C:/assignment/decade_counter/decade_counter.v Line: 5
    Info (308011): Node  "count~1" File: C:/assignment/decade_counter/decade_counter.v Line: 7
    Info (308011): Node  "reset" File: C:/assignment/decade_counter/decade_counter.v Line: 3
    Info (308011): Node  "count_up" File: C:/assignment/decade_counter/decade_counter.v Line: 1
    Info (308011): Node  "data_in[0]" File: C:/assignment/decade_counter/decade_counter.v Line: 6
    Info (308011): Node  "Add0~0" File: C:/assignment/decade_counter/decade_counter.v Line: 17
    Info (308011): Node  "data_in[2]" File: C:/assignment/decade_counter/decade_counter.v Line: 6
    Info (308011): Node  "data_in[3]" File: C:/assignment/decade_counter/decade_counter.v Line: 6
    Info (308011): Node  "data_in[1]" File: C:/assignment/decade_counter/decade_counter.v Line: 6
    Info (308011): Node  "count[1]~output" File: C:/assignment/decade_counter/decade_counter.v Line: 14
    Info (308011): Node  "TC~1" File: C:/assignment/decade_counter/decade_counter.v Line: 8
    Info (308011): Node  "TC~0" File: C:/assignment/decade_counter/decade_counter.v Line: 8
    Info (308011): Node  "count[0]~output" File: C:/assignment/decade_counter/decade_counter.v Line: 14
    Info (308011): Node  "count[2]~output" File: C:/assignment/decade_counter/decade_counter.v Line: 14
    Info (308011): Node  "count[3]~output" File: C:/assignment/decade_counter/decade_counter.v Line: 14
    Info (308011): Node  "TC~output" File: C:/assignment/decade_counter/decade_counter.v Line: 8
Info (308007): Design Assistant information: finished post-fitting analysis of current design -- generated 30 information messages and 1 warning messages
Info: Quartus Prime Design Assistant was successful. 0 errors, 3 warnings
    Info: Peak virtual memory: 4737 megabytes
    Info: Processing ended: Wed Feb 16 13:14:32 2022
    Info: Elapsed time: 00:00:01
    Info: Total CPU time (on all processors): 00:00:01


