


ARM Macro Assembler    Page 1 


    1 00000000                 AREA             Qtwo, CODE, READONLY
    2 00000000                 EXPORT           Reset_Handler
    3 00000000         Reset_Handler
    4 00000000         ;Signed 32 bit Utkarsh / Arnav
    5 00000000 E3E01102 
                       Start   MOV              R1, #0x7FFFFFFF ; Value_1
    6 00000004 E3A022C7        MVN              R2, #0x8FFFFFF3 ; Value_2
    7 00000008 E0913002        ADDS             R3, R1, R2  ; Value_3 = Value_1
                                                             + Value_2
    8 0000000C E2A44000        ADC              R4, #0      ; as for previous i
                                                            nstruction, 
    9 00000010         ;V=1 we will be storing the carry as the additional requ
                       ired bit for Value_3
   10 00000010 E0516002        SUBS             R6, R1, R2  ; Value_4 = Value_1
                                                             - Value_2
   11 00000014 E10F8000        MRS              R8, CPSR    ; as for previous i
                                                            nstruction, 
   12 00000018         ;V=0 we will be storing the N as the additional required
                        bit for Value_4 
   13 00000018 E1B08088        LSLS             R8, #1      ;
   14 0000001C E2A77000        ADC              R7, #0      ;The additional bit
                                                             in R7
   15 00000020 E0C18002        SBC              R8, R1, R2  ; Value_5 = Value_1
                                                             - Value_2 - !c 
   16 00000024         ;we will perform similar subtraction but by using SBC
   17 00000024         ;here the calculated value will be reduced by one if pri
                       or carry flag was clear.
   18 00000024 E10FA000        MRS              R10, CPSR   ; for previous inst
                                                            ruction, V=0 we wil
                                                            l be storing 
   19 00000028         ;the N as the additional required bit for Value_4 
   20 00000028 E1B0A08A        LSLS             R10, #1     ;
   21 0000002C E2A99000        ADC              R9, #0      ; The additional bi
                                                            t in R9
   22 00000030 E071A002        RSBS             R10, R1, R2 ;   Value_6 = Value
                                                            _2 - Value_1
   23 00000034 E10FC000        MRS              R12, CPSR   ; for previous inst
                                                            ruction, V=0 
   24 00000038         ;we will be storing the N as the additional required bit
                        for Value_
   25 00000038 E1B0C08C        LSLS             R12, #1     ;
   26 0000003C E2ABB000        ADC              R11, #0     ; The additional bi
                                                            t in R11
   27 00000040 EAFFFFFE 
                       Stop    B                Stop        ; Stop program
   28 00000044                 END
Command Line: --debug --xref --apcs=interwork --depend=.\q2s.d -o.\q2s.o -IC:\K
eil\ARM\RV31\INC -IC:\Keil\ARM\CMSIS\Include --predefine="__EVAL SETA 1" --list
=.\q2s.lst q2s.s



ARM Macro Assembler    Page 1 Alphabetic symbol ordering
Relocatable symbols

Qtwo 00000000

Symbol: Qtwo
   Definitions
      At line 1 in file q2s.s
   Uses
      None
Comment: Qtwo unused
Reset_Handler 00000000

Symbol: Reset_Handler
   Definitions
      At line 3 in file q2s.s
   Uses
      At line 2 in file q2s.s
Comment: Reset_Handler used once
Start 00000000

Symbol: Start
   Definitions
      At line 5 in file q2s.s
   Uses
      None
Comment: Start unused
Stop 00000040

Symbol: Stop
   Definitions
      At line 27 in file q2s.s
   Uses
      At line 27 in file q2s.s
Comment: Stop used once
4 symbols
335 symbols in table
