


ARM Macro Assembler    Page 1 


    1 00000000                 AREA             Qtwo, CODE, READONLY
    2 00000000                 EXPORT           Reset_Handler
    3 00000000         Reset_Handler
    4 00000000         ; signed 64 Bit Utkarsh / Arnav
    5 00000000 E3A01A3D 
                       Start   MOV              R1, #0x0003D000 ; Value_1_low
    6 00000004 E3A02102        MVN              R2, #0x7FFFFFFF ; Value_1_high
    7 00000008 E3A03A3D        MOV              R3, #0x0003D000 ; Value_2_low
    8 0000000C E3A04102        MVN              R4, #0x7FFFFFFF ; Value_2_high
    9 00000010 E0915003        ADDS             R5, R1, R3  ; value_3_low = Val
                                                            ue_1_low + Value_2_
                                                            low
   10 00000014 E0B26004        ADCS             R6, R2, R4  ; value_3_high = Va
                                                            lue_1_high + Value_
                                                            2_high
   11 00000018 E2A77000        ADC              R7, #0      ; additonal 65th bi
                                                            t which will be car
                                                            ry value since V =1
                                                            .
   12 0000001C E0538001        SUBS             R8, R3, R1  ;  value_4_low = Va
                                                            lue_2_low - Value_1
                                                            _low
   13 00000020         ;  This will set c=0 if it takes a borrow otherwise c=1
   14 00000020 E0D49002        SBCS             R9, R4, R2  ; value_4_high = Va
                                                            lue_2_high - Value_
                                                            1_high - carry_flag
                                                            
   15 00000024         ;carry_flag(indicating borrow as said above) 
   16 00000024 E10FB000        MRS              R11, CPSR   ; for previous inst
                                                            ruction,
   17 00000028         ;V=0 we will be storing the N as the additional required
                        bit for Value_4 
   18 00000028 E1B0B08B        LSLS             R11, #1     ;
   19 0000002C E2AAA000        ADC              R10, #0     ; The additional bi
                                                            t in R10
   20 00000030 E073B001        RSBS             R11, R3, R1 ; value_5_low = Val
                                                            ue_1_low - Value_2_
                                                            low 
   21 00000034         ;This will set c=0 if it takes a borrow otherwise c=1
   22 00000034 E0F4C002        RSCS             R12, R4, R2 ; value_5_high = Va
                                                            lue_1_high - Value_
                                                            2_high - carry_flag
                                                            
   23 00000038         ;carry_flag(indicating borrow as said above) 
   24 00000038 E10FD000        MRS              R13, CPSR   ; for previous inst
                                                            ruction, 
   25 0000003C         ;V=0 we will be storing the N as the additional required
                        bit for Value_4 
   26 0000003C E1B0D08D        LSLS             R13, #1     ;
   27 00000040 E2ADD000        ADC              R13, #0     ; The additional bi
                                                            t in R13
   28 00000044 EAFFFFFE 
                       Stop    B                Stop        ; Stop program
   29 00000048                 END
Command Line: --debug --xref --apcs=interwork --depend=.\signedsixtyfour.d -o.\
signedsixtyfour.o -IC:\Keil\ARM\RV31\INC -IC:\Keil\ARM\CMSIS\Include --predefin
e="__EVAL SETA 1" --list=.\signedsixtyfour.lst signedsixtyfour.s



ARM Macro Assembler    Page 1 Alphabetic symbol ordering
Relocatable symbols

Qtwo 00000000

Symbol: Qtwo
   Definitions
      At line 1 in file signedsixtyfour.s
   Uses
      None
Comment: Qtwo unused
Reset_Handler 00000000

Symbol: Reset_Handler
   Definitions
      At line 3 in file signedsixtyfour.s
   Uses
      At line 2 in file signedsixtyfour.s
Comment: Reset_Handler used once
Start 00000000

Symbol: Start
   Definitions
      At line 5 in file signedsixtyfour.s
   Uses
      None
Comment: Start unused
Stop 00000044

Symbol: Stop
   Definitions
      At line 28 in file signedsixtyfour.s
   Uses
      At line 28 in file signedsixtyfour.s
Comment: Stop used once
4 symbols
335 symbols in table
