


ARM Macro Assembler    Page 1 


    1 00000000         
    2 00000000                 AREA             AllocSpace, DATA,NOINIT,READWRI
TE
    3 00000000         ;Space for storing result
    4 00000000         ;Utkarsh && Arnav Lab6
    5 00000000         c       SPACE            8           ;
    6 00000008         ;Actual Code
    7 00000008                 AREA             hmm, CODE, READWRITE
    8 00000000                 EXPORT           Reset_Handler
    9 00000000         Reset_Handler
   10 00000000         ;address to the input number
   11 00000000 E59F1054        LDR              R1, =a      ;
   12 00000004 E59F2054        LDR              R2, =bi     ;
   13 00000008         ;address to the result
   14 00000008 E59F3054        LDR              R3, =c      ;
   15 0000000C E5914000        LDR              R4, [R1]    ; load a
   16 00000010 E5925000        LDR              R5, [R2]    ; load b
   17 00000014 E3A06001        MOV              R6, #1      ;
   18 00000018 E3550102 
                       div     CMP              R5, #0x80000000 ; 
   19 0000001C 31550004        CMPCC            R5, R4      ;
   20 00000020 31A05085        LSLCC            R5, R5, #1  ;
   21 00000024 31A06086        LSLCC            R6, R6, #1  ;
   22 00000028 3AFFFFFA        BCC              div         ;
   23 0000002C E3A07000        MOV              R7, #0      ;
   24 00000030 E1540005 
                       div2    CMP              R4, R5      ;
   25 00000034 20444005        SUBCS            R4, R4, R5  ;
   26 00000038 20877006        ADDCS            R7, R7, R6  ;
   27 0000003C E1B060A6        LSRS             R6, R6, #1  ;
   28 00000040 11A050A5        LSRNE            R5, R5, #1  ;
   29 00000044 1AFFFFF9        BNE              div2        ;
   30 00000048 E4837004        STR              R7, [R3],#4 ;
   31 0000004C E5835000        STR              R5, [R3]    ; 
   32 00000050 EAFFFFFE 
                       stop    BAL              stop
   33 00000054         ; input_number
   34 00000054 FA124025 
                       a       DCD              0xFA124025  ;
   35 00000058 0000CF85 
                       bi      DCD              0xCF85      ;
   36 0000005C                 END
              00000000 
              00000000 
              00000000 
Command Line: --debug --xref --apcs=interwork --depend=.\71sda.d -o.\71sda.o -I
C:\Keil\ARM\RV31\INC -IC:\Keil\ARM\CMSIS\Include --predefine="__EVAL SETA 1" --
list=.\71sda.lst 71sda.s



ARM Macro Assembler    Page 1 Alphabetic symbol ordering
Relocatable symbols

AllocSpace 00000000

Symbol: AllocSpace
   Definitions
      At line 2 in file 71sda.s
   Uses
      None
Comment: AllocSpace unused
c 00000000

Symbol: c
   Definitions
      At line 5 in file 71sda.s
   Uses
      At line 14 in file 71sda.s
Comment: c used once
2 symbols



ARM Macro Assembler    Page 1 Alphabetic symbol ordering
Relocatable symbols

Reset_Handler 00000000

Symbol: Reset_Handler
   Definitions
      At line 9 in file 71sda.s
   Uses
      At line 8 in file 71sda.s
Comment: Reset_Handler used once
a 00000054

Symbol: a
   Definitions
      At line 34 in file 71sda.s
   Uses
      At line 11 in file 71sda.s
Comment: a used once
bi 00000058

Symbol: bi
   Definitions
      At line 35 in file 71sda.s
   Uses
      At line 12 in file 71sda.s
Comment: bi used once
div 00000018

Symbol: div
   Definitions
      At line 18 in file 71sda.s
   Uses
      At line 22 in file 71sda.s
Comment: div used once
div2 00000030

Symbol: div2
   Definitions
      At line 24 in file 71sda.s
   Uses
      At line 29 in file 71sda.s
Comment: div2 used once
hmm 00000000

Symbol: hmm
   Definitions
      At line 7 in file 71sda.s
   Uses
      None
Comment: hmm unused
stop 00000050

Symbol: stop
   Definitions
      At line 32 in file 71sda.s
   Uses
      At line 32 in file 71sda.s
Comment: stop used once
7 symbols
342 symbols in table
