


ARM Macro Assembler    Page 1 


    1 00000000                 AREA             AllocSpace, DATA,NOINIT,READWRI
TE
    2 00000000         ;Space for result
    3 00000000         array   SPACE            1024        ;
    4 00000400         ;Actual Code
    5 00000400                 AREA             hmm, CODE, READWRITE
    6 00000000                 EXPORT           Reset_Handler
    7 00000000         Reset_Handler
    8 00000000         ;address to the input number
    9 00000000 E59F1050        LDR              R1, =inputnumber ;
   10 00000004         ;address for result
   11 00000004 E59F2050        LDR              R2, =array  ;
   12 00000008 E1A0C002        MOV              R12, R2     ;
   13 0000000C         ; load the  input number from memory
   14 0000000C E5914000        LDR              R4, [R1]    ;
   15 00000010         ; Getting the last bit
   16 00000010 E1A05004        MOV              R5, R4      ; R5 = R4
   17 00000014 E3A06000        MOV              R6, #0      ;
   18 00000018 E3A07000        MOV              R7, #0      ; for storing no of
                                                             nos.
   19 0000001C         ;dividing and finding nth digit.
   20 0000001C         ;division by the use of subtracting
   21 0000001C         ; until a remainder is found.
   22 0000001C         ; where remainder < 10
   23 0000001C E245500A 
                       div     SUB              R5, R5, #10 ; subtracting by 10
                                                            
   24 00000020 E355000A        CMP              R5, #10     ; checking if remai
                                                            nder < 10
   25 00000024         ;incrementing iterator to store quotient
   26 00000024 E2866001        ADD              R6, R6, #1  ; 
   27 00000028         ; if remainder >=10 then loop to sub further.
   28 00000028 5AFFFFFB        BPL              div
   29 0000002C E2877001        ADD              R7, #1      ; incrementing nos.
                                                            
   30 00000030 E4C25001        STRB             R5, [R2], #1 ; storing digits
   31 00000034         ;comparing quotient and 10.
   32 00000034 E356000A        CMP              R6, #10     ;
   33 00000038         ;if quotient >10 then store quotient in remainder
   34 00000038 51A05006        MOVPL            R5, R6      ;
   35 0000003C         ; && reset quotient
   36 0000003C 53A06000        MOVPL            R6, #0      ;
   37 00000040         ; && loop again
   38 00000040 5AFFFFF5        BPL              div         ;
   39 00000044         ; check if quotient is zero
   40 00000044 E3560000        CMP              R6, #0      ;
   41 00000048         ; increment no of digits counter if no
   42 00000048 12877001        ADDNE            R7, #1      ;
   43 0000004C         ; &&  store it in R2 if no.
   44 0000004C 15C26000        STRBNE           R6, [R2]    ; storing last digi
                                                            t
   45 00000050         ;
   46 00000050 EAFFFFFE 
                       stop    BAL              stop
   47 00000054         ; input_number
   48 00000054 0000FABC 
                       inputnumber
                               DCD              0xFABC      ;64188
   49 00000058                 END



ARM Macro Assembler    Page 2 


              00000000 
              00000000 
Command Line: --debug --xref --apcs=interwork --depend=.\72.d -o.\72.o -IC:\Kei
l\ARM\RV31\INC -IC:\Keil\ARM\CMSIS\Include --predefine="__EVAL SETA 1" --list=.
\72.lst 72.s



ARM Macro Assembler    Page 1 Alphabetic symbol ordering
Relocatable symbols

AllocSpace 00000000

Symbol: AllocSpace
   Definitions
      At line 1 in file 72.s
   Uses
      None
Comment: AllocSpace unused
array 00000000

Symbol: array
   Definitions
      At line 3 in file 72.s
   Uses
      At line 11 in file 72.s
Comment: array used once
2 symbols



ARM Macro Assembler    Page 1 Alphabetic symbol ordering
Relocatable symbols

Reset_Handler 00000000

Symbol: Reset_Handler
   Definitions
      At line 7 in file 72.s
   Uses
      At line 6 in file 72.s
Comment: Reset_Handler used once
div 0000001C

Symbol: div
   Definitions
      At line 23 in file 72.s
   Uses
      At line 28 in file 72.s
      At line 38 in file 72.s

hmm 00000000

Symbol: hmm
   Definitions
      At line 5 in file 72.s
   Uses
      None
Comment: hmm unused
inputnumber 00000054

Symbol: inputnumber
   Definitions
      At line 48 in file 72.s
   Uses
      At line 9 in file 72.s
Comment: inputnumber used once
stop 00000050

Symbol: stop
   Definitions
      At line 46 in file 72.s
   Uses
      At line 46 in file 72.s
Comment: stop used once
5 symbols
340 symbols in table
