


ARM Macro Assembler    Page 1 


    1 00000000         
    2 00000000                 AREA             AllocSpace, DATA,NOINIT,READWRI
TE
    3 00000000         ;Space for storing result
    4 00000000         ;Utkarsh && Arnav Lab6
    5 00000000         bcd     SPACE            4           ;
    6 00000004         ;Actual Code
    7 00000004                 AREA             hmm, CODE, READWRITE
    8 00000000                 EXPORT           Reset_Handler
    9 00000000         Reset_Handler
   10 00000000         ;address to the input number
   11 00000000 E59F1048        LDR              R1, =asc    ;
   12 00000004         ;address to the result
   13 00000004 E59F3048        LDR              R3, =bcd    ;
   14 00000008 E3A08001        MOV              R8, #1      ; multiplier for nt
                                                            h digit
   15 0000000C E3A07000        MOV              R7, #0      ;
   16 00000010 E3A0A00A        MOV              R10, #10    ;
   17 00000014 E5D15003        LDRB             R5, [R1, #3] ; load digit
   18 00000018 E0877005        ADD              R7, R7, R5  ;
   19 0000001C E0090A98        MUL              R9, R8, R10 ;
   20 00000020 E5D15002        LDRB             R5, [R1, #2] ; load digit
   21 00000024 E007079A        MUL              R7, R10, R7 ;
   22 00000028 E0877005        ADD              R7, R7, R5  ;
   23 0000002C E5D15001        LDRB             R5, [R1, #1] ; load digit
   24 00000030 E007079A        MUL              R7, R10, R7 ;
   25 00000034 E0877005        ADD              R7, R7, R5  ;
   26 00000038 E5D15000        LDRB             R5, [R1]    ; load digit
   27 0000003C E007079A        MUL              R7, R10, R7 ;
   28 00000040 E0877005        ADD              R7, R7, R5  ;
   29 00000044 E5837000        STR              R7, [R3]    ; storing quotient
   30 00000048 EAFFFFFE 
                       stop    BAL              stop
   31 0000004C         ; input_number
   32 0000004C 02 01 02 
              01       asc     DCB              2, 1, 2, 1  ;
   33 00000050                 END
              00000000 
              00000000 
Command Line: --debug --xref --apcs=interwork --depend=.\73.d -o.\73.o -IC:\Kei
l\ARM\RV31\INC -IC:\Keil\ARM\CMSIS\Include --predefine="__EVAL SETA 1" --list=.
\73.lst 73.s



ARM Macro Assembler    Page 1 Alphabetic symbol ordering
Relocatable symbols

AllocSpace 00000000

Symbol: AllocSpace
   Definitions
      At line 2 in file 73.s
   Uses
      None
Comment: AllocSpace unused
bcd 00000000

Symbol: bcd
   Definitions
      At line 5 in file 73.s
   Uses
      At line 13 in file 73.s
Comment: bcd used once
2 symbols



ARM Macro Assembler    Page 1 Alphabetic symbol ordering
Relocatable symbols

Reset_Handler 00000000

Symbol: Reset_Handler
   Definitions
      At line 9 in file 73.s
   Uses
      At line 8 in file 73.s
Comment: Reset_Handler used once
asc 0000004C

Symbol: asc
   Definitions
      At line 32 in file 73.s
   Uses
      At line 11 in file 73.s
Comment: asc used once
hmm 00000000

Symbol: hmm
   Definitions
      At line 7 in file 73.s
   Uses
      None
Comment: hmm unused
stop 00000048

Symbol: stop
   Definitions
      At line 30 in file 73.s
   Uses
      At line 30 in file 73.s
Comment: stop used once
4 symbols
339 symbols in table
