


ARM Macro Assembler    Page 1 


    1 00000000         
    2 00000000                 AREA             AllocSpace, DATA,NOINIT,READWRI
TE
    3 00000000         ;Utkarsh && Arnav Lab6
    4 00000000         ;Space for storing result
    5 00000000         z       SPACE            9           ;
    6 00000009         ;Actual Code
    7 00000009                 AREA             hmm, CODE, READWRITE
    8 00000000                 EXPORT           Reset_Handler
    9 00000000         Reset_Handler
   10 00000000         ;address to the input number
   11 00000000 E59F1058        LDR              R1, =x      ;
   12 00000004 E59F2058        LDR              R2, =y      ;
   13 00000008         ;address to the result
   14 00000008 E59F3058        LDR              R3, =z      ;
   15 0000000C E3A00000        MOV              R0, #0      ;
   16 00000010 E3A07000        MOV              R7, #0      ; carry_bit xD
   17 00000014 E3500008 
                       loop    CMP              R0, #8      ;
   18 00000018 0A00000A        BEQ              done        ; jump if all bits 
                                                            done
   19 0000001C E4D14001        LDRB             R4, [R1], #1 ; load bit, x[i]
   20 00000020 E4D25001        LDRB             R5, [R2], #1 ; load bit, y[i] 
   21 00000024 E0846005        ADD              R6, R4, R5  ; z[i] =x[i] + y[i]
                                                            
   22 00000028 E0866007        ADD              R6, R6, R7  ;  z[i] += c[i-1]
   23 0000002C E3A07000        MOV              R7, #0      ; c[i]=0
   24 00000030 E3560009        CMP              R6, #9      ; ? z[i]>9
   25 00000034 8246600A        SUBHI            R6, R6, #10 ; r6-10:-
   26 00000038 83A07001        MOVHI            R7, #1      ; r7=1:-
   27 0000003C E4C36001        STRB             R6, [R3], #1 ; z[i] -> mem[i]
   28 00000040 E2800001        ADD              R0, R0, #1  ; i=i+1;
   29 00000044 EAFFFFF2        B                loop        ; loop
   30 00000048 E5C37000 
                       done    STRB             R7, [R3]    ; storing carry
   31 0000004C EAFFFFFE 
                       stop    BAL              stop
   32 00000050         ; input_number
   33 00000050 01 08 00 
              01 02 03 
              04 02    x       DCB              1, 8, 0, 1, 2, 3, 4, 2 ;
   34 00000058 06 07 05 
              04 05 00 
              04 07    y       DCB              6, 7, 5, 4, 5, 0, 4, 7 ;
   35 00000060                 END
              00000000 
              00000000 
              00000000 
Command Line: --debug --xref --apcs=interwork --depend=.\74.d -o.\74.o -IC:\Kei
l\ARM\RV31\INC -IC:\Keil\ARM\CMSIS\Include --predefine="__EVAL SETA 1" --list=.
\74.lst 74.s



ARM Macro Assembler    Page 1 Alphabetic symbol ordering
Relocatable symbols

AllocSpace 00000000

Symbol: AllocSpace
   Definitions
      At line 2 in file 74.s
   Uses
      None
Comment: AllocSpace unused
z 00000000

Symbol: z
   Definitions
      At line 5 in file 74.s
   Uses
      At line 14 in file 74.s
Comment: z used once
2 symbols



ARM Macro Assembler    Page 1 Alphabetic symbol ordering
Relocatable symbols

Reset_Handler 00000000

Symbol: Reset_Handler
   Definitions
      At line 9 in file 74.s
   Uses
      At line 8 in file 74.s
Comment: Reset_Handler used once
done 00000048

Symbol: done
   Definitions
      At line 30 in file 74.s
   Uses
      At line 18 in file 74.s
Comment: done used once
hmm 00000000

Symbol: hmm
   Definitions
      At line 7 in file 74.s
   Uses
      None
Comment: hmm unused
loop 00000014

Symbol: loop
   Definitions
      At line 17 in file 74.s
   Uses
      At line 29 in file 74.s
Comment: loop used once
stop 0000004C

Symbol: stop
   Definitions
      At line 31 in file 74.s
   Uses
      At line 31 in file 74.s
Comment: stop used once
x 00000050

Symbol: x
   Definitions
      At line 33 in file 74.s
   Uses
      At line 11 in file 74.s
Comment: x used once
y 00000058

Symbol: y
   Definitions
      At line 34 in file 74.s
   Uses
      At line 12 in file 74.s
Comment: y used once
7 symbols
342 symbols in table
