


ARM Macro Assembler    Page 1 


    1 00000000         
    2 00000000                 AREA             AllocSpace, DATA,NOINIT,READWRI
TE
    3 00000000         ;Space for storing result
    4 00000000         ;Utkarsh && Arnav Lab6
    5 00000000         bcd     SPACE            4           ;
    6 00000004         ;Actual Code
    7 00000004                 AREA             hmm, CODE, READWRITE
    8 00000000                 EXPORT           Reset_Handler
    9 00000000         Reset_Handler
   10 00000000         ;address to the input number
   11 00000000 E59F1068        LDR              R1, =asc    ;
   12 00000004 E59F2068        LDR              R2, =cf     ;
   13 00000008         ;address to the result
   14 00000008 E59F3068        LDR              R3, =bcd    ;
   15 0000000C E3A08001        MOV              R8, #1      ;
   16 00000010 E3A07000        MOV              R7, #0      ;
   17 00000014 E3A0A00A        MOV              R10, #10    ;
   18 00000018 E5D14003        LDRB             R4, [R1, #3] ; load ascii val
   19 0000001C E2445030        SUB              R5, R4, #0x30 
                                                            ; bcd = ascii-conv
   20 00000020 E0877005        ADD              R7, R7, R5  ;
   21 00000024 E0090A98        MUL              R9, R8, R10 ;
   22 00000028 E5D14002        LDRB             R4, [R1, #2] ; load ascii val
   23 0000002C E2445030        SUB              R5, R4, #0x30 
                                                            ; bcd = ascii-conv
   24 00000030 E0050599        MUL              R5, R9, R5  ;
   25 00000034 E0877005        ADD              R7, R7, R5  ;
   26 00000038 E0080A99        MUL              R8, R9, R10 ;
   27 0000003C E5D14001        LDRB             R4, [R1, #1] ; load ascii val
   28 00000040 E2445030        SUB              R5, R4, #0x30 
                                                            ; bcd = ascii-conv
   29 00000044 E0050598        MUL              R5, R8, R5  ;
   30 00000048 E0877005        ADD              R7, R7, R5  ;
   31 0000004C E0090A98        MUL              R9, R8, R10 ;
   32 00000050 E5D14000        LDRB             R4, [R1]    ; load ascii val
   33 00000054 E2445030        SUB              R5, R4, #0x30 
                                                            ; bcd = ascii-conv
   34 00000058 E0050599        MUL              R5, R9, R5  ;
   35 0000005C E0877005        ADD              R7, R7, R5  ;
   36 00000060 E5837000        STR              R7, [R3]    ; storing quotient
   37 00000064 EAFFFFFE 
                       stop    BAL              stop
   38 00000068         ; input_number
   39 00000068 31 32 31 
              32       asc     DCB              "1212"      ;
   40 0000006C 30303030 
                       cf      DCD              0x30303030  ;
   41 00000070                 END
              00000000 
              00000000 
              00000000 
Command Line: --debug --xref --apcs=interwork --depend=.\75b.d -o.\75b.o -IC:\K
eil\ARM\RV31\INC -IC:\Keil\ARM\CMSIS\Include --predefine="__EVAL SETA 1" --list
=.\75b.lst 75b.s



ARM Macro Assembler    Page 1 Alphabetic symbol ordering
Relocatable symbols

AllocSpace 00000000

Symbol: AllocSpace
   Definitions
      At line 2 in file 75b.s
   Uses
      None
Comment: AllocSpace unused
bcd 00000000

Symbol: bcd
   Definitions
      At line 5 in file 75b.s
   Uses
      At line 14 in file 75b.s
Comment: bcd used once
2 symbols



ARM Macro Assembler    Page 1 Alphabetic symbol ordering
Relocatable symbols

Reset_Handler 00000000

Symbol: Reset_Handler
   Definitions
      At line 9 in file 75b.s
   Uses
      At line 8 in file 75b.s
Comment: Reset_Handler used once
asc 00000068

Symbol: asc
   Definitions
      At line 39 in file 75b.s
   Uses
      At line 11 in file 75b.s
Comment: asc used once
cf 0000006C

Symbol: cf
   Definitions
      At line 40 in file 75b.s
   Uses
      At line 12 in file 75b.s
Comment: cf used once
hmm 00000000

Symbol: hmm
   Definitions
      At line 7 in file 75b.s
   Uses
      None
Comment: hmm unused
stop 00000064

Symbol: stop
   Definitions
      At line 37 in file 75b.s
   Uses
      At line 37 in file 75b.s
Comment: stop used once
5 symbols
340 symbols in table
