


ARM Macro Assembler    Page 1 


    1 00000000                 AREA             AllocSpace, DATA,NOINIT,READWRI
TE
    2 00000000         ;Space for result
    3 00000000         array   SPACE            1024        ;
    4 00000400         ;Actual Code
    5 00000400                 AREA             hmm, CODE, READWRITE
    6 00000000                 EXPORT           Reset_Handler
    7 00000000         Reset_Handler
    8 00000000         ;address to the input number
    9 00000000 E59F1060        LDR              R1, =inputnumber ;
   10 00000004         ;address for space used in operation
   11 00000004 E59F2060        LDR              R2, =array  ;
   12 00000008 E1A0C002        MOV              R12, R2     ;
   13 0000000C         ; load the  input number from memory
   14 0000000C E5914000        LDR              R4, [R1]    ;
   15 00000010 E5D29000        LDRB             R9, [R2]    ;
   16 00000014 E2822003        ADD              R2 ,#3      ;
   17 00000018         ; Getting the last bit
   18 00000018 E1A05004        MOV              R5, R4      ; R5 = R4
   19 0000001C E3A06000        MOV              R6, #0      ;
   20 00000020 E3A07000        MOV              R7, #0      ; for storing no of
                                                             nos.
   21 00000024         ;dividing and finding nth digit.
   22 00000024         ;division by the use of subtracting
   23 00000024         ; until a remainder is found.
   24 00000024         ; where remainder < 10
   25 00000024 E245500A 
                       div     SUB              R5, R5, #10 ; subtracting by 10
                                                            
   26 00000028 E355000A        CMP              R5, #10     ; checking if remai
                                                            nder < 10
   27 0000002C         ;incrementing iterator to store quotient
   28 0000002C E2866001        ADD              R6, R6, #1  ; 
   29 00000030         ; if remainder >=10 then loop to sub further.
   30 00000030 5AFFFFFB        BPL              div
   31 00000034 E2877001        ADD              R7, #1      ; incrementing nos.
                                                            
   32 00000038 E2855030        ADD              R5, R5, #0x30 ;
   33 0000003C E4425001        STRB             R5, [R2], #-1 ; storing digits
   34 00000040         ;comparing quotient and 10.
   35 00000040 E356000A        CMP              R6, #10     ;
   36 00000044         ;if quotient >10 then store quotient in remainder
   37 00000044 51A05006        MOVPL            R5, R6      ;
   38 00000048         ; && reset quotient
   39 00000048 53A06000        MOVPL            R6, #0      ;
   40 0000004C         ; && loop again
   41 0000004C 5AFFFFF4        BPL              div         ;
   42 00000050         ; check if quotient is zero
   43 00000050 E3560000        CMP              R6, #0      ;
   44 00000054         ; increment no of digits counter if no
   45 00000054 12877001        ADDNE            R7, #1      ;
   46 00000058         ; &&  store it in R2 if no.
   47 00000058 E2866030        ADD              R6, R6, #0x30 ;
   48 0000005C 15C26000        STRBNE           R6, [R2]    ; storing last digi
                                                            t
   49 00000060         ;
   50 00000060 EAFFFFFE 
                       stop    BAL              stop
   51 00000064         ; input_number



ARM Macro Assembler    Page 2 


   52 00000064 00000591 
                       inputnumber
                               DCD              1425        ;
   53 00000068                 END
              00000000 
              00000000 
Command Line: --debug --xref --apcs=interwork --depend=.\75c.d -o.\75c.o -IC:\K
eil\ARM\RV31\INC -IC:\Keil\ARM\CMSIS\Include --predefine="__EVAL SETA 1" --list
=.\75c.lst 75c.s



ARM Macro Assembler    Page 1 Alphabetic symbol ordering
Relocatable symbols

AllocSpace 00000000

Symbol: AllocSpace
   Definitions
      At line 1 in file 75c.s
   Uses
      None
Comment: AllocSpace unused
array 00000000

Symbol: array
   Definitions
      At line 3 in file 75c.s
   Uses
      At line 11 in file 75c.s
Comment: array used once
2 symbols



ARM Macro Assembler    Page 1 Alphabetic symbol ordering
Relocatable symbols

Reset_Handler 00000000

Symbol: Reset_Handler
   Definitions
      At line 7 in file 75c.s
   Uses
      At line 6 in file 75c.s
Comment: Reset_Handler used once
div 00000024

Symbol: div
   Definitions
      At line 25 in file 75c.s
   Uses
      At line 30 in file 75c.s
      At line 41 in file 75c.s

hmm 00000000

Symbol: hmm
   Definitions
      At line 5 in file 75c.s
   Uses
      None
Comment: hmm unused
inputnumber 00000064

Symbol: inputnumber
   Definitions
      At line 52 in file 75c.s
   Uses
      At line 9 in file 75c.s
Comment: inputnumber used once
stop 00000060

Symbol: stop
   Definitions
      At line 50 in file 75c.s
   Uses
      At line 50 in file 75c.s
Comment: stop used once
5 symbols
340 symbols in table
