


ARM Macro Assembler    Page 1 


    1 00000000         
    2 00000000                 AREA             AllocSpace, DATA,NOINIT,READWRI
TE
    3 00000000         ;Space for storing result
    4 00000000         ;Utkarsh && Arnav Lab6
    5 00000000         asc     SPACE            4           ;
    6 00000004         ;Actual Code
    7 00000004                 AREA             hmm, CODE, READWRITE
    8 00000000                 EXPORT           Reset_Handler
    9 00000000         Reset_Handler
   10 00000000         ;address to the input number
   11 00000000 E59F1050        LDR              R1, =bcd    ;
   12 00000004 E59F2050        LDR              R2, =cf     ;
   13 00000008         ;address to the result
   14 00000008 E59F3050        LDR              R3, =asc    ;
   15 0000000C E5914000        LDR              R4, [R1]    ; load ascii val
   16 00000010 E5925000        LDR              R5, [R2]    ; load conv factor
   17 00000014 E0845005        ADD              R5, R4, R5  ;
   18 00000018 E20560FF        AND              R6, R5, #0xFF ;
   19 0000001C E2057CFF        AND              R7, R5, #0xFF00 ;
   20 00000020 E20588FF        AND              R8, R5, #0xFF0000 ;
   21 00000024 E20594FF        AND              R9, R5, #0xFF000000 ;
   22 00000028 E1A06C06        LSL              R6, #24     ;
   23 0000002C E1A07407        LSL              R7, #8      ;
   24 00000030 E1A08428        LSR              R8, #8      ;
   25 00000034 E1A09C29        LSR              R9, #24     ;
   26 00000038 E1A05006        MOV              R5, R6      ;
   27 0000003C E0855007        ADD              R5, R7      ;
   28 00000040 E0855008        ADD              R5, R8      ;
   29 00000044 E0855009        ADD              R5, R9      ;
   30 00000048 E5835000        STR              R5, [R3]    ; storing quotient
   31 0000004C EAFFFFFE 
                       stop    BAL              stop
   32 00000050         ; input_number
   33 00000050 02 01 02 
              01       bcd     DCB              2, 1, 2, 1  ;
   34 00000054 30303030 
                       cf      DCD              0x30303030  ;
   35 00000058                 END
              00000000 
              00000000 
              00000000 
Command Line: --debug --xref --apcs=interwork --depend=.\75d.d -o.\75d.o -IC:\K
eil\ARM\RV31\INC -IC:\Keil\ARM\CMSIS\Include --predefine="__EVAL SETA 1" --list
=.\75d.lst 75d.s



ARM Macro Assembler    Page 1 Alphabetic symbol ordering
Relocatable symbols

AllocSpace 00000000

Symbol: AllocSpace
   Definitions
      At line 2 in file 75d.s
   Uses
      None
Comment: AllocSpace unused
asc 00000000

Symbol: asc
   Definitions
      At line 5 in file 75d.s
   Uses
      At line 14 in file 75d.s
Comment: asc used once
2 symbols



ARM Macro Assembler    Page 1 Alphabetic symbol ordering
Relocatable symbols

Reset_Handler 00000000

Symbol: Reset_Handler
   Definitions
      At line 9 in file 75d.s
   Uses
      At line 8 in file 75d.s
Comment: Reset_Handler used once
bcd 00000050

Symbol: bcd
   Definitions
      At line 33 in file 75d.s
   Uses
      At line 11 in file 75d.s
Comment: bcd used once
cf 00000054

Symbol: cf
   Definitions
      At line 34 in file 75d.s
   Uses
      At line 12 in file 75d.s
Comment: cf used once
hmm 00000000

Symbol: hmm
   Definitions
      At line 7 in file 75d.s
   Uses
      None
Comment: hmm unused
stop 0000004C

Symbol: stop
   Definitions
      At line 31 in file 75d.s
   Uses
      At line 31 in file 75d.s
Comment: stop used once
5 symbols
340 symbols in table
