


ARM Macro Assembler    Page 1 


    1 00000000         
    2 00000000                 AREA             AllocSpace, DATA,NOINIT,READWRI
TE
    3 00000000         ;Space for storing result
    4 00000000         ;Utkarsh && Arnav Lab6
    5 00000000         c       SPACE            8           ;
    6 00000008         ;Actual Code
    7 00000008                 AREA             hmm, CODE, READWRITE
    8 00000000                 EXPORT           Reset_Handler
    9 00000000         Reset_Handler
   10 00000000         ;address to the input number
   11 00000000 E59F1038        LDR              R1, =a      ;
   12 00000004 E59F2038        LDR              R2, =bi     ;
   13 00000008         ;address to the result
   14 00000008 E59F3038        LDR              R3, =c      ;
   15 0000000C E5914000        LDR              R4, [R1]    ; load a
   16 00000010 E5925000        LDR              R5, [R2]    ; load b
   17 00000014 E3A06000        MOV              R6, #0      ;
   18 00000018 E1540005 
                       div     CMP              R4, R5      ; ? a < b
   19 0000001C 3A000002        BCC              done        ; J if C clear (a<b
                                                            )
   20 00000020 E0444005        SUB              R4, R4, R5  ; a=a-b;
   21 00000024 E2866001        ADD              R6, R6, #1  ; Q = Q+1;
   22 00000028 EAFFFFFA        B                div         ; J to div for loop
                                                            
   23 0000002C E5836000 
                       done    STR              R6, [R3]    ; storing quotient
   24 00000030 E5834004        STR              R4, [R3, #4] 
                                                            ; storing remainder
                                                            
   25 00000034 EAFFFFFE 
                       stop    BAL              stop
   26 00000038         ; input_number
   27 00000038 FA124025 
                       a       DCD              0xFA124025  ;
   28 0000003C 0000CF85 
                       bi      DCD              0xCF85      ;
   29 00000040                 END
              00000000 
              00000000 
              00000000 
Command Line: --debug --xref --apcs=interwork --depend=.\q1a.d -o.\q1a.o -IC:\K
eil\ARM\RV31\INC -IC:\Keil\ARM\CMSIS\Include --predefine="__EVAL SETA 1" --list
=.\q1a.lst q1a.s



ARM Macro Assembler    Page 1 Alphabetic symbol ordering
Relocatable symbols

AllocSpace 00000000

Symbol: AllocSpace
   Definitions
      At line 2 in file q1a.s
   Uses
      None
Comment: AllocSpace unused
c 00000000

Symbol: c
   Definitions
      At line 5 in file q1a.s
   Uses
      At line 14 in file q1a.s
Comment: c used once
2 symbols



ARM Macro Assembler    Page 1 Alphabetic symbol ordering
Relocatable symbols

Reset_Handler 00000000

Symbol: Reset_Handler
   Definitions
      At line 9 in file q1a.s
   Uses
      At line 8 in file q1a.s
Comment: Reset_Handler used once
a 00000038

Symbol: a
   Definitions
      At line 27 in file q1a.s
   Uses
      At line 11 in file q1a.s
Comment: a used once
bi 0000003C

Symbol: bi
   Definitions
      At line 28 in file q1a.s
   Uses
      At line 12 in file q1a.s
Comment: bi used once
div 00000018

Symbol: div
   Definitions
      At line 18 in file q1a.s
   Uses
      At line 22 in file q1a.s
Comment: div used once
done 0000002C

Symbol: done
   Definitions
      At line 23 in file q1a.s
   Uses
      At line 19 in file q1a.s
Comment: done used once
hmm 00000000

Symbol: hmm
   Definitions
      At line 7 in file q1a.s
   Uses
      None
Comment: hmm unused
stop 00000034

Symbol: stop
   Definitions
      At line 25 in file q1a.s
   Uses
      At line 25 in file q1a.s
Comment: stop used once
7 symbols
342 symbols in table
