


ARM Macro Assembler    Page 1 


    1 00000000         
    2 00000000                 AREA             AllocSpace, DATA,NOINIT,READWRI
TE
    3 00000000         ;Space for storing result
    4 00000000         ;Utkarsh && Arnav Lab6
    5 00000000         c       SPACE            8           ;
    6 00000008         ;Actual Code
    7 00000008                 AREA             hmm, CODE, READWRITE
    8 00000000                 EXPORT           Reset_Handler
    9 00000000         Reset_Handler
   10 00000000         ;address to the input number
   11 00000000 E59F1058        LDR              R1, =a      ;
   12 00000004 E59F2058        LDR              R2, =bi     ;
   13 00000008         ;address to the result
   14 00000008 E59F3058        LDR              R3, =c      ;
   15 0000000C E5914000        LDR              R4, [R1]    ; load a_low
   16 00000010 E5915004        LDR              R5, [R1, #4] ; load a_high
   17 00000014 E5926000        LDR              R6, [R2]    ; load b
   18 00000018 E3A07000        MOV              R7, #0      ; Q=0;
   19 0000001C E3550000 
                       div     CMP              R5, #0      ;div process while 
                                                            a_high>0
   20 00000020 0A000003        BEQ              dlow        ;
   21 00000024 E0544006        SUBS             R4, R4, R6  ; R4=R4-R6
   22 00000028 32455001        SUBCC            R5, R5, #1  ; Sub borrow(if) fr
                                                            om a_high.
   23 0000002C E2877001        ADD              R7, R7, #1  ; Q = Q+1;
   24 00000030 EAFFFFF9        B                div
   25 00000034 E1540006 
                       dlow    CMP              R4, R6      ; Now Normal Subtra
                                                            ction process
   26 00000038 3A000002        BCC              done        ; for division like
                                                             before
   27 0000003C E0444006        SUB              R4, R4, R6  ;  R4=R4-R6
   28 00000040 E2877001        ADD              R7, R7, #1  ; Q=Q+1
   29 00000044 EAFFFFFA        B                dlow        ;
   30 00000048 E5837000 
                       done    STR              R7, [R3]    ; storing quotient
   31 0000004C E5834004        STR              R4, [R3, #4] 
                                                            ; storing remainder
                                                            
   32 00000050 EAFFFFFE 
                       stop    BAL              stop
   33 00000054         ; input_number a=0x703D4444FA124025
   34 00000054         ; b= 0xFEFF4ED6
   35 00000054 FA124025 
              703D4444 a       DCD              0xFA124025, 0x703D4444 ;
   36 0000005C FEFF4ED6 
                       bi      DCD              0xFEFF4ED6  ;
   37 00000060                 END
              00000000 
              00000000 
              00000000 
Command Line: --debug --xref --apcs=interwork --depend=.\q1b.d -o.\q1b.o -IC:\K
eil\ARM\RV31\INC -IC:\Keil\ARM\CMSIS\Include --predefine="__EVAL SETA 1" --list
=.\q1b.lst q1b.s



ARM Macro Assembler    Page 1 Alphabetic symbol ordering
Relocatable symbols

AllocSpace 00000000

Symbol: AllocSpace
   Definitions
      At line 2 in file q1b.s
   Uses
      None
Comment: AllocSpace unused
c 00000000

Symbol: c
   Definitions
      At line 5 in file q1b.s
   Uses
      At line 14 in file q1b.s
Comment: c used once
2 symbols



ARM Macro Assembler    Page 1 Alphabetic symbol ordering
Relocatable symbols

Reset_Handler 00000000

Symbol: Reset_Handler
   Definitions
      At line 9 in file q1b.s
   Uses
      At line 8 in file q1b.s
Comment: Reset_Handler used once
a 00000054

Symbol: a
   Definitions
      At line 35 in file q1b.s
   Uses
      At line 11 in file q1b.s
Comment: a used once
bi 0000005C

Symbol: bi
   Definitions
      At line 36 in file q1b.s
   Uses
      At line 12 in file q1b.s
Comment: bi used once
div 0000001C

Symbol: div
   Definitions
      At line 19 in file q1b.s
   Uses
      At line 24 in file q1b.s
Comment: div used once
dlow 00000034

Symbol: dlow
   Definitions
      At line 25 in file q1b.s
   Uses
      At line 20 in file q1b.s
      At line 29 in file q1b.s

done 00000048

Symbol: done
   Definitions
      At line 30 in file q1b.s
   Uses
      At line 26 in file q1b.s
Comment: done used once
hmm 00000000

Symbol: hmm
   Definitions
      At line 7 in file q1b.s
   Uses
      None
Comment: hmm unused
stop 00000050




ARM Macro Assembler    Page 2 Alphabetic symbol ordering
Relocatable symbols

Symbol: stop
   Definitions
      At line 32 in file q1b.s
   Uses
      At line 32 in file q1b.s
Comment: stop used once
8 symbols
343 symbols in table
