


ARM Macro Assembler    Page 1 


    1 00000000                 AREA             huihui, CODE, READONLY
    2 00000000                 EXPORT           Reset_Handler
    3 00000000         Reset_Handler
    4 00000000         
    5 00000000 E3A09205 
                       Start   MOV              R9, #0x50000000 ; for loading v
                                                            alues into register
                                                            
    6 00000004 E89900FF        LDMIA            R9, {R0-R7} ; Loading values in
                                                            to register that ar
                                                            e to be swapped.
    7 00000008 E3A08101        MOV              R8, #0x40000000 ; Address of th
                                                            e memory of which
    8 0000000C         ; The values are to be swapped with the registers.
    9 0000000C E1080090        SWP              R0, R0, [R8] ;
   10 00000010 E2888004        ADD              R8, #4      ;
   11 00000014 E1081091        SWP              R1, R1, [R8] ;
   12 00000018 E2888004        ADD              R8, #4      ;
   13 0000001C E1082092        SWP              R2, R2, [R8] ;
   14 00000020 E2888004        ADD              R8, #4      ;
   15 00000024 E1083093        SWP              R3, R3, [R8] ;
   16 00000028 E2888004        ADD              R8, #4      ;
   17 0000002C E1084094        SWP              R4, R4, [R8] ;
   18 00000030 E2888004        ADD              R8, #4      ;
   19 00000034 E1085095        SWP              R5, R5, [R8] ;
   20 00000038 E2888004        ADD              R8, #4      ;
   21 0000003C E1086096        SWP              R6, R6, [R8] ;
   22 00000040 E2888004        ADD              R8, #4      ;
   23 00000044 E1087097        SWP              R7, R7, [R8] ;
   24 00000048 EAFFFFFE 
                       Stop    B                Stop
   25 0000004C                 END
Command Line: --debug --xref --apcs=interwork --depend=.\huihui.d -o.\huihui.o 
-IC:\Keil\ARM\RV31\INC -IC:\Keil\ARM\CMSIS\Include --predefine="__EVAL SETA 1" 
--list=.\huihui.lst 3_6\huihui.s



ARM Macro Assembler    Page 1 Alphabetic symbol ordering
Relocatable symbols

Reset_Handler 00000000

Symbol: Reset_Handler
   Definitions
      At line 3 in file 3_6\huihui.s
   Uses
      At line 2 in file 3_6\huihui.s
Comment: Reset_Handler used once
Start 00000000

Symbol: Start
   Definitions
      At line 5 in file 3_6\huihui.s
   Uses
      None
Comment: Start unused
Stop 00000048

Symbol: Stop
   Definitions
      At line 24 in file 3_6\huihui.s
   Uses
      At line 24 in file 3_6\huihui.s
Comment: Stop used once
huihui 00000000

Symbol: huihui
   Definitions
      At line 1 in file 3_6\huihui.s
   Uses
      None
Comment: huihui unused
4 symbols
335 symbols in table
