


ARM Macro Assembler    Page 1 


    1 00000000         
    2 00000000                 AREA             Qone, CODE, READONLY
    3 00000000                 EXPORT           Reset_Handler
    4 00000000         Reset_Handler
    5 00000000 E3A01012 
                       Start   MOV              R1, #0x0012 ;
    6 00000004 E3E02025        MVN              R2, #0x0025 ;
    7 00000008 EAFFFFFE 
                       Stop    B                Stop        ; Stop program
    8 0000000C                 END
Command Line: --debug --xref --apcs=interwork --depend=.\first_program_164_109.
d -o.\first_program_164_109.o -IC:\Keil\ARM\RV31\INC -IC:\Keil\ARM\CMSIS\Includ
e --predefine="__EVAL SETA 1" --list=.\first_program_164_109.lst First_Program_
164_109.s



ARM Macro Assembler    Page 1 Alphabetic symbol ordering
Relocatable symbols

Qone 00000000

Symbol: Qone
   Definitions
      At line 2 in file First_Program_164_109.s
   Uses
      None
Comment: Qone unused
Reset_Handler 00000000

Symbol: Reset_Handler
   Definitions
      At line 4 in file First_Program_164_109.s
   Uses
      At line 3 in file First_Program_164_109.s
Comment: Reset_Handler used once
Start 00000000

Symbol: Start
   Definitions
      At line 5 in file First_Program_164_109.s
   Uses
      None
Comment: Start unused
Stop 00000008

Symbol: Stop
   Definitions
      At line 7 in file First_Program_164_109.s
   Uses
      At line 7 in file First_Program_164_109.s
Comment: Stop used once
4 symbols
335 symbols in table
