


ARM Macro Assembler    Page 1 


    1 00000000         
    2 00000000                 AREA             Qtwo, CODE, READONLY
    3 00000000                 EXPORT           Reset_Handler
    4 00000000         Reset_Handler
    5 00000000 E3A010F4 
                       Start   MOV              R1, #0xF4   ;
    6 00000004 E1A02401        LSL              R2, R1, #8  ;
    7 00000008 E3E030D3        MVN              R3, #0xD3   ;
    8 0000000C E1A04123        LSR              R4, R3, #2  ;
    9 00000010 E3F050C7        MOVS             R5, #-200   ;
   10 00000014 E1A06245        ASR              R6, R5, #4  ;
   11 00000018 E1A07642        ASR              R7, R2, #12 ;
   12 0000001C E3A01000        MOV              R1, #0      ;
   13 00000020 E1F00005        MVNS             R0, R5      ;
   14 00000024 E1A054E2        ROR              R5, R2, #9  ;
   15 00000028 E1B030E4        RORS             R3, R4, #1  ;
   16 0000002C E1A07063        RRX              R7, R3      ;
   17 00000030 EAFFFFFE 
                       Stop    B                Stop        ; Stop program
   18 00000034                 END
Command Line: --debug --xref --apcs=interwork --depend=.\second_program_164_109
.d -o.\second_program_164_109.o -IC:\Keil\ARM\RV31\INC -IC:\Keil\ARM\CMSIS\Incl
ude --predefine="__EVAL SETA 1" --list=.\second_program_164_109.lst Second_prog
ram_164_109.s



ARM Macro Assembler    Page 1 Alphabetic symbol ordering
Relocatable symbols

Qtwo 00000000

Symbol: Qtwo
   Definitions
      At line 2 in file Second_program_164_109.s
   Uses
      None
Comment: Qtwo unused
Reset_Handler 00000000

Symbol: Reset_Handler
   Definitions
      At line 4 in file Second_program_164_109.s
   Uses
      At line 3 in file Second_program_164_109.s
Comment: Reset_Handler used once
Start 00000000

Symbol: Start
   Definitions
      At line 5 in file Second_program_164_109.s
   Uses
      None
Comment: Start unused
Stop 00000030

Symbol: Stop
   Definitions
      At line 17 in file Second_program_164_109.s
   Uses
      At line 17 in file Second_program_164_109.s
Comment: Stop used once
4 symbols
335 symbols in table
