


ARM Macro Assembler    Page 1 


    1 00000000         
    2 00000000                 AREA             AllocSpace, DATA,NOINIT,READWRI
TE
    3 00000000         ;Space for storing result
    4 00000000         ;Utkarsh 164 && Arnav 109 Lab6
    5 00000000         c       SPACE            16          ;
    6 00000010         ;Actual Code
    7 00000010                 AREA             hmm, CODE, READWRITE
    8 00000000                 EXPORT           Reset_Handler
    9 00000000         Reset_Handler
   10 00000000         ;address to the input number
   11 00000000 E59F0070        LDR              R0, =a      ;
   12 00000004 E59F1070        LDR              R1, =bi     ;
   13 00000008         ; clearing registers used for calculation
   14 00000008 E3A07000        MOV              R7, #0      ;
   15 0000000C E3A08000        MOV              R8, #0      ;
   16 00000010 E3A09000        MOV              R9, #0      ;
   17 00000014 E3A0A000        MOV              R10, #0     ;
   18 00000018         ;address to the result
   19 00000018 E59F2060        LDR              R2, =c      ;
   20 0000001C E5903000        LDR              R3, [R0]    ;
   21 00000020 E5904004        LDR              R4, [R0, #4] ;
   22 00000024 E5915000        LDR              R5, [R1]    ;
   23 00000028 E5916004        LDR              R6, [R1, #4]
   24 0000002C E0987395        UMULLS           R7, R8, R5, R3 ; a_low * b_low
   25 00000030 E08CB396        UMULL            R11, R12, R6, R3 
                                                            ; a_high * b_low
   26 00000034 E2BB8000        ADCS             R8, R11, #0 ;
   27 00000038 E2BC9000        ADCS             R9, R12, #0 ;
   28 0000003C E2AAA000        ADC              R10, R10, #0 ;
   29 00000040 E09CB495        UMULLS           R11, R12, R5, R4 
                                                            ; a_low* b_high
   30 00000044 E098800B        ADDS             R8, R8, R11 ;
   31 00000048 E0B9900C        ADCS             R9, R9, R12 ;
   32 0000004C E2AAA000        ADC              R10, R10, #0 ;
   33 00000050 E08CB496        UMULL            R11, R12, R6, R4 
                                                            ; a_high * b_high
   34 00000054 E099900B        ADDS             R9, R9, R11 ;
   35 00000058 E0BAA00C        ADCS             R10, R10, R12 ;
   36 0000005C E2AAA000        ADC              R10, R10, #0 ;
   37 00000060 E8820780        STMIA            R2, {R7-R10} ;
   38 00000064         
   39 00000064 EAFFFFFE 
                       stop    BAL              stop
   40 00000068         ; input_number
   41 00000068 7A124AD0 
              0004A35D a       DCD              0x7A124AD0, 0x4A35D ;
   42 00000070 CF850D00 
              84DE3FF7 bi      DCD              0xCF850D00, 0x84DE3FF7 ;
   43 00000078                 END
              00000000 
              00000000 
              00000000 
Command Line: --debug --xref --apcs=interwork --depend=.\q3.d -o.\q3.o -IC:\Kei
l\ARM\RV31\INC -IC:\Keil\ARM\CMSIS\Include --predefine="__EVAL SETA 1" --list=.
\q3.lst q3.s



ARM Macro Assembler    Page 1 Alphabetic symbol ordering
Relocatable symbols

AllocSpace 00000000

Symbol: AllocSpace
   Definitions
      At line 2 in file q3.s
   Uses
      None
Comment: AllocSpace unused
c 00000000

Symbol: c
   Definitions
      At line 5 in file q3.s
   Uses
      At line 19 in file q3.s
Comment: c used once
2 symbols



ARM Macro Assembler    Page 1 Alphabetic symbol ordering
Relocatable symbols

Reset_Handler 00000000

Symbol: Reset_Handler
   Definitions
      At line 9 in file q3.s
   Uses
      At line 8 in file q3.s
Comment: Reset_Handler used once
a 00000068

Symbol: a
   Definitions
      At line 41 in file q3.s
   Uses
      At line 11 in file q3.s
Comment: a used once
bi 00000070

Symbol: bi
   Definitions
      At line 42 in file q3.s
   Uses
      At line 12 in file q3.s
Comment: bi used once
hmm 00000000

Symbol: hmm
   Definitions
      At line 7 in file q3.s
   Uses
      None
Comment: hmm unused
stop 00000064

Symbol: stop
   Definitions
      At line 39 in file q3.s
   Uses
      At line 39 in file q3.s
Comment: stop used once
5 symbols
340 symbols in table
