


ARM Macro Assembler    Page 1 


    1 00000000         
    2 00000000                 AREA             AllocSpace, DATA,NOINIT,READWRI
TE
    3 00000000         ;Space for storing result
    4 00000000         ;Utkarsh 164 && Arnav 109 Lab6
    5 00000000         c       SPACE            8           ;
    6 00000008         ;Actual Code
    7 00000008                 AREA             hmm, CODE, READWRITE
    8 00000000                 EXPORT           Reset_Handler
    9 00000000         Reset_Handler
   10 00000000         ;address to the input number
   11 00000000 E59FB078        LDR              R11, =a     ;
   12 00000004 E59FC078        LDR              R12, =bi    ;
   13 00000008         ;address to the result
   14 00000008 E59F0078        LDR              R0, =c      ;
   15 0000000C E59B1000        LDR              R1, [R11]   ;
   16 00000010 E59C2000        LDR              R2, [R12]   ;
   17 00000014 E1A03FA1        LSR              R3, R1, #31 ;
   18 00000018 E1A04FA2        LSR              R4, R2, #31 ;
   19 0000001C E3530001 
                       comp_1  CMP              R3, #1      ;
   20 00000020 0A000002        BEQ              fn
   21 00000024 E3540001 
                       comp_2  CMP              R4, #1      ;
   22 00000028 0A000004        BEQ              sn
   23 0000002C EA000006        B                mult
   24 00000030 E1E05005 
                       fn      MVN              R5, R5      ;
   25 00000034 E1E01001        MVN              R1, R1      ;
   26 00000038 E2811001        ADD              R1, R1, #1  ;
   27 0000003C EAFFFFF8        B                comp_2
   28 00000040 E1E05005 
                       sn      MVN              R5, R5      ;
   29 00000044 E1E02002        MVN              R2, R2      ;
   30 00000048 E2822001        ADD              R2, R2, #1  ;
   31 0000004C E0876291 
                       mult    UMULL            R6, R7, R1, R2 ;
   32 00000050 E3750001        CMP              R5, #0xFFFFFFFF ;
   33 00000054 0A000000        BEQ              cs          ;
   34 00000058 EA000003        B                store       ;
   35 0000005C E1E06006 
                       cs      MVN              R6, R6      ;
   36 00000060 E2966001        ADDS             R6, R6, #1  ;
   37 00000064 E1E07007        MVN              R7, R7      ;
   38 00000068 E2A77000        ADC              R7, R7, #0  ;
   39 0000006C E5807000 
                       store   STR              R7, [R0]    ;
   40 00000070 E5802004        STR              R2, [R0, #4] ;
   41 00000074 EAFFFFFE 
                       stop    BAL              stop        ;
   42 00000078         ; input_number
   43 00000078 7A124AD0 
                       a       DCD              0x7A124AD0  ; 0x7A124AD0
   44 0000007C CF850D00 
                       bi      DCD              0xCF850D00  ; 0xCF850D00
   45 00000080                 END
              00000000 
              00000000 
              00000000 



ARM Macro Assembler    Page 2 


Command Line: --debug --xref --apcs=interwork --depend=.\q5.d -o.\q5.o -IC:\Kei
l\ARM\RV31\INC -IC:\Keil\ARM\CMSIS\Include --predefine="__EVAL SETA 1" --list=.
\q5.lst q5.s



ARM Macro Assembler    Page 1 Alphabetic symbol ordering
Relocatable symbols

AllocSpace 00000000

Symbol: AllocSpace
   Definitions
      At line 2 in file q5.s
   Uses
      None
Comment: AllocSpace unused
c 00000000

Symbol: c
   Definitions
      At line 5 in file q5.s
   Uses
      At line 14 in file q5.s
Comment: c used once
2 symbols



ARM Macro Assembler    Page 1 Alphabetic symbol ordering
Relocatable symbols

Reset_Handler 00000000

Symbol: Reset_Handler
   Definitions
      At line 9 in file q5.s
   Uses
      At line 8 in file q5.s
Comment: Reset_Handler used once
a 00000078

Symbol: a
   Definitions
      At line 43 in file q5.s
   Uses
      At line 11 in file q5.s
Comment: a used once
bi 0000007C

Symbol: bi
   Definitions
      At line 44 in file q5.s
   Uses
      At line 12 in file q5.s
Comment: bi used once
comp_1 0000001C

Symbol: comp_1
   Definitions
      At line 19 in file q5.s
   Uses
      None
Comment: comp_1 unused
comp_2 00000024

Symbol: comp_2
   Definitions
      At line 21 in file q5.s
   Uses
      At line 27 in file q5.s
Comment: comp_2 used once
cs 0000005C

Symbol: cs
   Definitions
      At line 35 in file q5.s
   Uses
      At line 33 in file q5.s
Comment: cs used once
fn 00000030

Symbol: fn
   Definitions
      At line 24 in file q5.s
   Uses
      At line 20 in file q5.s
Comment: fn used once
hmm 00000000

Symbol: hmm



ARM Macro Assembler    Page 2 Alphabetic symbol ordering
Relocatable symbols

   Definitions
      At line 7 in file q5.s
   Uses
      None
Comment: hmm unused
mult 0000004C

Symbol: mult
   Definitions
      At line 31 in file q5.s
   Uses
      At line 23 in file q5.s
Comment: mult used once
sn 00000040

Symbol: sn
   Definitions
      At line 28 in file q5.s
   Uses
      At line 22 in file q5.s
Comment: sn used once
stop 00000074

Symbol: stop
   Definitions
      At line 41 in file q5.s
   Uses
      At line 41 in file q5.s
Comment: stop used once
store 0000006C

Symbol: store
   Definitions
      At line 39 in file q5.s
   Uses
      At line 34 in file q5.s
Comment: store used once
12 symbols
347 symbols in table
