


ARM Macro Assembler    Page 1 


    1 00000000                 AREA             AllocSpace, DATA,NOINIT,READWRI
TE
    2 00000000         ;Space for storing the final string
    3 00000000         str_rev SPACE            1024
    4 00000400         
    5 00000400                 AREA             hmm, CODE, READWRITE
    6 00000000                 EXPORT           Reset_Handler
    7 00000000         Reset_Handler
    8 00000000         ;Pointer to the input string
    9 00000000 E59F1074        LDR              R1, =str_src ; 
   10 00000004         ;Pointer to the substring
   11 00000004 E59F2074        LDR              R2, =sub_str ; 
   12 00000008         ;Pointer to result string
   13 00000008 E59FC074        LDR              R12, =str_rev ; 
   14 0000000C         ;Pointer to index
   15 0000000C E59FB074        LDR              R11, =sub_index ; 
   16 00000010         ;loading index in R10;
   17 00000010 E5DBA000        LDRB             R10, [R11]  ;
   18 00000014         ;storing the input string's pointer in R8
   19 00000014 E2818000        ADD              R8, R1, #0  ;
   20 00000018         ;storing the input substring's pointer in R9
   21 00000018 E2829000        ADD              R9, R2, #0  ;
   22 0000001C         ;for iteration till the insertion index
   23 0000001C E3A07000        MOV              R7, #0      ;
   24 00000020         ;result's pointer in R12.
   25 00000020 E28C6000        ADD              R6, R12, #0 ;
   26 00000024         ;storing the prefix part of string in result(before the 
                       insertion index)
   27 00000024         ;load a byte and update the pointer
   28 00000024 E4D83001 
                       pref    LDRB             R3, [R8],#1 ; 
   29 00000028         ;store byte and update the pointer
   30 00000028 E4C63001        STRB             R3, [R6], #1 ; 
   31 0000002C         ;incrementign R7.
   32 0000002C E2877001        ADD              R7, #1      ;
   33 00000030         ;check if the insertion index is reached.
   34 00000030 E157000A        CMP              R7, R10     ; 
   35 00000034         ; if not then loop. again to pref.
   36 00000034 1AFFFFFA        BNE              pref
   37 00000038         ; storing the substring in consequent index in result.
   38 00000038         ; load a byte and update the pointer
   39 00000038 E4D93001 
                       sbst    LDRB             R3, [R9],#1 ;
   40 0000003C         ;store byte and update the pointer
   41 0000003C E4C63001        STRB             R3, [R6], #1 ;
   42 00000040         ;Check for End of string
   43 00000040 E3530000        CMP              R3, #0      ; 
   44 00000044         ; If not, then loop.
   45 00000044 1AFFFFFB        BNE              sbst
   46 00000048         ; subtract result pointer, so the null value can be rewr
                       itten
   47 00000048 E2466001        SUB              R6, #1      ;
   48 0000004C         ;storing the suffix part, the part that existed at right
                        of insertion index
   49 0000004C         ;load a byte and update the pointer
   50 0000004C E4D83001 
                       sufx    LDRB             R3, [R8],#1 ; 
   51 00000050         ; store byte and update the pointer
   52 00000050 E4C63001        STRB             R3, [R6], #1 ; 



ARM Macro Assembler    Page 2 


   53 00000054         ; Check for End of string
   54 00000054 E3530000        CMP              R3, #0      ; 
   55 00000058         ; if not , loop again
   56 00000058 1AFFFFFB        BNE              sufx
   57 0000005C E3A00001 
                       done    MOV              R0, #1      ;
   58 00000060 EAFFFFFF        BAL              stop        ;
   59 00000064 EAFFFFFE 
                       stop    BAL              stop
   60 00000068         
   61 00000068         ;input string
   62 00000068 72 65 76 
              69 76 65 
              72 00    str_src DCB              "reviver",0 ;
   63 00000070         ;input substring
   64 00000070 61 62 63 
              00       sub_str DCB              "abc",0     ;
   65 00000074         ;input insertion index
   66 00000074 02      sub_index
                               DCB              2           ;
   67 00000075 00 00 00 
              E1A00000         NOP
   68 0000007C                 END
              00000000 
              00000000 
              00000000 
              00000000 
Command Line: --debug --xref --apcs=interwork --depend=.\c.d -o.\c.o -IC:\Keil\
ARM\RV31\INC -IC:\Keil\ARM\CMSIS\Include --predefine="__EVAL SETA 1" --list=.\c
.lst c.s



ARM Macro Assembler    Page 1 Alphabetic symbol ordering
Relocatable symbols

AllocSpace 00000000

Symbol: AllocSpace
   Definitions
      At line 1 in file c.s
   Uses
      None
Comment: AllocSpace unused
str_rev 00000000

Symbol: str_rev
   Definitions
      At line 3 in file c.s
   Uses
      At line 13 in file c.s
Comment: str_rev used once
2 symbols



ARM Macro Assembler    Page 1 Alphabetic symbol ordering
Relocatable symbols

Reset_Handler 00000000

Symbol: Reset_Handler
   Definitions
      At line 7 in file c.s
   Uses
      At line 6 in file c.s
Comment: Reset_Handler used once
done 0000005C

Symbol: done
   Definitions
      At line 57 in file c.s
   Uses
      None
Comment: done unused
hmm 00000000

Symbol: hmm
   Definitions
      At line 5 in file c.s
   Uses
      None
Comment: hmm unused
pref 00000024

Symbol: pref
   Definitions
      At line 28 in file c.s
   Uses
      At line 36 in file c.s
Comment: pref used once
sbst 00000038

Symbol: sbst
   Definitions
      At line 39 in file c.s
   Uses
      At line 45 in file c.s
Comment: sbst used once
stop 00000064

Symbol: stop
   Definitions
      At line 59 in file c.s
   Uses
      At line 58 in file c.s
      At line 59 in file c.s

str_src 00000068

Symbol: str_src
   Definitions
      At line 62 in file c.s
   Uses
      At line 9 in file c.s
Comment: str_src used once
sub_index 00000074




ARM Macro Assembler    Page 2 Alphabetic symbol ordering
Relocatable symbols

Symbol: sub_index
   Definitions
      At line 66 in file c.s
   Uses
      At line 15 in file c.s
Comment: sub_index used once
sub_str 00000070

Symbol: sub_str
   Definitions
      At line 64 in file c.s
   Uses
      At line 11 in file c.s
Comment: sub_str used once
sufx 0000004C

Symbol: sufx
   Definitions
      At line 50 in file c.s
   Uses
      At line 56 in file c.s
Comment: sufx used once
10 symbols
345 symbols in table
