


ARM Macro Assembler    Page 1 


    1 00000000                 AREA             AllocSpace, DATA,NOINIT,READWRI
TE
    2 00000000         ;Space for the input string
    3 00000000         str_main
                               SPACE            1024
    4 00000400         
    5 00000400                 AREA             hmm, CODE, READWRITE
    6 00000000                 EXPORT           Reset_Handler
    7 00000000         Reset_Handler
    8 00000000         ;Pointer to the string
    9 00000000 E59F1060        LDR              R1, =str_main ; 
   10 00000004         ;Pointer to the input string
   11 00000004 E59F2060        LDR              R2, =str_src ; 
   12 00000008         ;storing the string's pointer in R8
   13 00000008 E2814000        ADD              R4, R1, #0  ;
   14 0000000C         ;storing the input's pointer in R8
   15 0000000C E2825000        ADD              R5, R2, #0  ;
   16 00000010         ;for storing the input String;
   17 00000010         ; loading characters from input string.
   18 00000010 E4D53001 
                       fill    LDRB             R3, [R5], #1 ;
   19 00000014         ;storing the character in result space
   20 00000014 E4C43001        STRB             R3, [R4], #1 ; store byte and u
                                                            pdate the pointer
   21 00000018         ;checking if end of line is reached
   22 00000018 E3530000        CMP              R3, #0      ;
   23 0000001C         ; if not then loop.
   24 0000001C 1AFFFFFB        BNE              fill        ;
   25 00000020         ; for storing no of zeroes encountered
   26 00000020 E3A04000        MOV              R4, #0      ;
   27 00000024         ; Pointer to the string in R5
   28 00000024 E1A05001        MOV              R5, R1      ;
   29 00000028         ;loading character from string
   30 00000028 E5D53000 
                       sqz     LDRB             R3, [R5]    ;
   31 0000002C         ; checking if its a space
   32 0000002C E3530020        CMP              R3, #32     ;
   33 00000030         ; if its a space then add 1 to R4.
   34 00000030 02844001        ADDEQ            R4, #1      ;
   35 00000034         ; if not then calculate index to move towards left.
   36 00000034 10456004        SUBNE            R6, R5, R4  ;
   37 00000038         ; and also store the current value towards left at that 
                       index.
   38 00000038 15C63000        STRBNE           R3, [R6]    ;
   39 0000003C         ; update the string's iterator
   40 0000003C E2855001        ADD              R5, #1      ;
   41 00000040         ;check if string ends.
   42 00000040 E3530000        CMP              R3, #0      ;
   43 00000044         ; if not then loop.
   44 00000044 1AFFFFF7        BNE              sqz         ;
   45 00000048         ;R0 to change to 1 at the end of the loop.
   46 00000048 E3A00001 
                       done    MOV              R0, #1      ;
   47 0000004C EAFFFFFF        BAL              stop        ;
   48 00000050 EAFFFFFE 
                       stop    BAL              stop        ;
   49 00000054 54 68 69 
              73 20 69 
              73 20 61 



ARM Macro Assembler    Page 2 


              20 74 65 
              78 74 00 str_src DCB              "This is a text",0 ;
   50 00000063 00 E1A00000     NOP
   51 00000068                 END
              00000000 
              00000000 
Command Line: --debug --xref --apcs=interwork --depend=.\d.d -o.\d.o -IC:\Keil\
ARM\RV31\INC -IC:\Keil\ARM\CMSIS\Include --predefine="__EVAL SETA 1" --list=.\d
.lst d.s



ARM Macro Assembler    Page 1 Alphabetic symbol ordering
Relocatable symbols

AllocSpace 00000000

Symbol: AllocSpace
   Definitions
      At line 1 in file d.s
   Uses
      None
Comment: AllocSpace unused
str_main 00000000

Symbol: str_main
   Definitions
      At line 3 in file d.s
   Uses
      At line 9 in file d.s
Comment: str_main used once
2 symbols



ARM Macro Assembler    Page 1 Alphabetic symbol ordering
Relocatable symbols

Reset_Handler 00000000

Symbol: Reset_Handler
   Definitions
      At line 7 in file d.s
   Uses
      At line 6 in file d.s
Comment: Reset_Handler used once
done 00000048

Symbol: done
   Definitions
      At line 46 in file d.s
   Uses
      None
Comment: done unused
fill 00000010

Symbol: fill
   Definitions
      At line 18 in file d.s
   Uses
      At line 24 in file d.s
Comment: fill used once
hmm 00000000

Symbol: hmm
   Definitions
      At line 5 in file d.s
   Uses
      None
Comment: hmm unused
sqz 00000028

Symbol: sqz
   Definitions
      At line 30 in file d.s
   Uses
      At line 44 in file d.s
Comment: sqz used once
stop 00000050

Symbol: stop
   Definitions
      At line 48 in file d.s
   Uses
      At line 47 in file d.s
      At line 48 in file d.s

str_src 00000054

Symbol: str_src
   Definitions
      At line 49 in file d.s
   Uses
      At line 11 in file d.s
Comment: str_src used once
7 symbols
342 symbols in table
