


ARM Macro Assembler    Page 1 


    1 00000000                 AREA             AllocSpace, DATA,NOINIT,READWRI
TE
    2 00000000         ;Space for storing result
    3 00000000         result  SPACE            1           ;
    4 00000001         ;Actual Code
    5 00000001                 AREA             hmm, CODE, READWRITE
    6 00000000                 EXPORT           Reset_Handler
    7 00000000         Reset_Handler
    8 00000000         ;address to the input number
    9 00000000 E59F1054        LDR              R1, =inputnumber ;
   10 00000004         ;address to the input digit to cmp
   11 00000004 E59F2054        LDR              R2, =inputdigit ;
   12 00000008         ;address to the result
   13 00000008 E59F3054        LDR              R3, =result ;
   14 0000000C         ; load the  input number from memory
   15 0000000C E5914000        LDR              R4, [R1]    ;
   16 00000010 E5D29000        LDRB             R9, [R2]    ;
   17 00000014         ; Getting the last bit
   18 00000014 E1A05004        MOV              R5, R4      ; R5 = R4
   19 00000018 E3A06000        MOV              R6, #0      ; for quotient
   20 0000001C         ;dividing and finding nth digit.
   21 0000001C         ;division by the use of subtracting
   22 0000001C         ; until a remainder is found.
   23 0000001C         ; where remainder < 10
   24 0000001C E245500A 
                       div     SUB              R5, R5, #10 ; subtracting by 10
                                                            
   25 00000020 E355000A        CMP              R5, #10     ; checking if remai
                                                            nder < 10
   26 00000024         ;incrementing iterator to store quotient
   27 00000024 E2866001        ADD              R6, R6, #1  ; 
   28 00000028         ; if remainder >=10 then loop to sub further.
   29 00000028 5AFFFFFB        BPL              div
   30 0000002C         ;least digit stored in R5
   31 0000002C         ;checking if remainder is equal to the input digit.
   32 0000002C E1590005        CMP              R9, R5      ;
   33 00000030         ;If yes then increment count
   34 00000030 028AA001        ADDEQ            R10, R10, #1 ;
   35 00000034         ;comparing quotient and 10.
   36 00000034 E356000A        CMP              R6, #10     ;
   37 00000038         ;if quotient >10 then store quotient in remainder
   38 00000038 51A05006        MOVPL            R5, R6      ;
   39 0000003C         ; && reset quotient
   40 0000003C 53A06000        MOVPL            R6, #0      ;
   41 00000040         ; && loop again
   42 00000040 5AFFFFF5        BPL              div         ;
   43 00000044         ; the last digit will be in R6
   44 00000044         ; so compare that to input again.
   45 00000044 E1560009        CMP              R6, R9      ; for the last digi
                                                            t
   46 00000048         ;if yes increment counter;
   47 00000048 028AA001        ADDEQ            R10, R10, #1 ;
   48 0000004C         ; storing result as 1;
   49 0000004C E583A000        STR              R10, [R3]   ; storing answer
   50 00000050 EAFFFFFE 
                       stop    BAL              stop
   51 00000054         ; input_number
   52 00000054 00022CC6 
                       inputnumber



ARM Macro Assembler    Page 2 


                               DCD              142534      ;
   53 00000058 04      inputdigit
                               DCB              4           ;
   54 00000059                 END
              00 00 00 
              00000000 
              00000000 
              00000000 
Command Line: --debug --xref --apcs=interwork --depend=.\q2.d -o.\q2.o -IC:\Kei
l\ARM\RV31\INC -IC:\Keil\ARM\CMSIS\Include --predefine="__EVAL SETA 1" --list=.
\q2.lst q2.s



ARM Macro Assembler    Page 1 Alphabetic symbol ordering
Relocatable symbols

AllocSpace 00000000

Symbol: AllocSpace
   Definitions
      At line 1 in file q2.s
   Uses
      None
Comment: AllocSpace unused
result 00000000

Symbol: result
   Definitions
      At line 3 in file q2.s
   Uses
      At line 13 in file q2.s
Comment: result used once
2 symbols



ARM Macro Assembler    Page 1 Alphabetic symbol ordering
Relocatable symbols

Reset_Handler 00000000

Symbol: Reset_Handler
   Definitions
      At line 7 in file q2.s
   Uses
      At line 6 in file q2.s
Comment: Reset_Handler used once
div 0000001C

Symbol: div
   Definitions
      At line 24 in file q2.s
   Uses
      At line 29 in file q2.s
      At line 42 in file q2.s

hmm 00000000

Symbol: hmm
   Definitions
      At line 5 in file q2.s
   Uses
      None
Comment: hmm unused
inputdigit 00000058

Symbol: inputdigit
   Definitions
      At line 53 in file q2.s
   Uses
      At line 11 in file q2.s
Comment: inputdigit used once
inputnumber 00000054

Symbol: inputnumber
   Definitions
      At line 52 in file q2.s
   Uses
      At line 9 in file q2.s
Comment: inputnumber used once
stop 00000050

Symbol: stop
   Definitions
      At line 50 in file q2.s
   Uses
      At line 50 in file q2.s
Comment: stop used once
6 symbols
341 symbols in table
