


ARM Macro Assembler    Page 1 


    1 00000000                 AREA             AllocSpace, DATA,NOINIT,READWRI
TE
    2 00000000         ;Space for storing result
    3 00000000         result  SPACE            1           ;
    4 00000001         ;Actual Code
    5 00000001                 AREA             hmm, CODE, READWRITE
    6 00000000                 EXPORT           Reset_Handler
    7 00000000         Reset_Handler
    8 00000000         ;address to the input number
    9 00000000 E59F1044        LDR              R1, =inputnumber ;
   10 00000004         ;address to the result
   11 00000004 E59F2044        LDR              R2, =result ;
   12 00000008 E3A04001        MOV              R4, #1      ; (n-1)th term
   13 0000000C E3A05001        MOV              R5, #1      ; nth term
   14 00000010         ; load the  input number from memory
   15 00000010 E5913000        LDR              R3, [R1]    ;
   16 00000014         ; base case check if input ==0;
   17 00000014 E3530000        CMP              R3, #0      ;
   18 00000018         ; as 0 is a fib no for f(0), store & jump
   19 00000018 03A06001        MOVEQ            R6, #1      ;
   20 0000001C 0A000007        BEQ              dun
   21 00000020         ;for other cases n>0;
   22 00000020         ;as f(1)==f(2)==1;
   23 00000020         ; it doesn't matter in iteration.
   24 00000020         ; while comparing.
   25 00000020         ;comparing nth fib, initially R5, f(1)=f(2)
   26 00000020 E1530005 
                       chk     CMP              R3, R5      ;
   27 00000024         ; storing 1 in result register if it matches any fibb.
   28 00000024 03A06001        MOVEQ            R6, #1      ;
   29 00000028         ; jumping to store result in memory
   30 00000028 0A000004        BEQ              dun
   31 0000002C         ; if input > current F(n),
   32 0000002C         ;We will calculate F(n+1) and store it in R5
   33 0000002C         ; And Current F(n) in R4;
   34 0000002C 50847005        ADDPL            R7, R4, R5  ;
   35 00000030 51A04005        MOVPL            R4, R5      ;
   36 00000034 51A05007        MOVPL            R5, R7      ;
   37 00000038         ; LOOP to check again.
   38 00000038 5AFFFFF8        BPL              chk         ;
   39 0000003C         ; if input < F(n) then its not a fibonacci number
   40 0000003C         ; store 0XFF in result register;
   41 0000003C E3A060FF        MOV              R6, #0xFF   ; :o
   42 00000040         ; store result in memory.
   43 00000040 E5C26000 
                       dun     STRB             R6, [R2]    ;
   44 00000044         
   45 00000044 EAFFFFFE 
                       stop    BAL              stop
   46 00000048         ; input_number
   47 00000048 00000041 
                       inputnumber
                               DCD              65          ;
   48 0000004C                 END
              00000000 
              00000000 
Command Line: --debug --xref --apcs=interwork --depend=.\q4.d -o.\q4.o -IC:\Kei
l\ARM\RV31\INC -IC:\Keil\ARM\CMSIS\Include --predefine="__EVAL SETA 1" --list=.
\q4.lst q4.s



ARM Macro Assembler    Page 1 Alphabetic symbol ordering
Relocatable symbols

AllocSpace 00000000

Symbol: AllocSpace
   Definitions
      At line 1 in file q4.s
   Uses
      None
Comment: AllocSpace unused
result 00000000

Symbol: result
   Definitions
      At line 3 in file q4.s
   Uses
      At line 11 in file q4.s
Comment: result used once
2 symbols



ARM Macro Assembler    Page 1 Alphabetic symbol ordering
Relocatable symbols

Reset_Handler 00000000

Symbol: Reset_Handler
   Definitions
      At line 7 in file q4.s
   Uses
      At line 6 in file q4.s
Comment: Reset_Handler used once
chk 00000020

Symbol: chk
   Definitions
      At line 26 in file q4.s
   Uses
      At line 38 in file q4.s
Comment: chk used once
dun 00000040

Symbol: dun
   Definitions
      At line 43 in file q4.s
   Uses
      At line 20 in file q4.s
      At line 30 in file q4.s

hmm 00000000

Symbol: hmm
   Definitions
      At line 5 in file q4.s
   Uses
      None
Comment: hmm unused
inputnumber 00000048

Symbol: inputnumber
   Definitions
      At line 47 in file q4.s
   Uses
      At line 9 in file q4.s
Comment: inputnumber used once
stop 00000044

Symbol: stop
   Definitions
      At line 45 in file q4.s
   Uses
      At line 45 in file q4.s
Comment: stop used once
6 symbols
341 symbols in table
