


ARM Macro Assembler    Page 1 


    1 00000000                 AREA             AllocSpace, DATA,NOINIT,READWRI
TE
    2 00000000         ;Space for storing result
    3 00000000         result  SPACE            1024        ;
    4 00000400         ;Actual Code
    5 00000400                 AREA             hmm, CODE, READWRITE
    6 00000000                 EXPORT           Reset_Handler
    7 00000000         Reset_Handler
    8 00000000         ;address to the input number
    9 00000000 E59F1050        LDR              R1, =inputnumber ;
   10 00000004         ;address to the result
   11 00000004 E59F2050        LDR              R2, =result ;
   12 00000008 E3A04001        MOV              R4, #1      ; (n-1)th term
   13 0000000C E3A05001        MOV              R5, #1      ; nth term
   14 00000010         ; load the  input number from memory
   15 00000010 E5913000        LDR              R3, [R1]    ;
   16 00000014         ; base_case if the input number is 0;
   17 00000014 E3530000        CMP              R3, #0      ;
   18 00000018 03A06000        MOVEQ            R6, #0      ;
   19 0000001C 0A00000A        BEQ              dun
   20 00000020         ;base_case if the input number is 1;
   21 00000020 E3530001        CMP              R3, #1      ;
   22 00000024 03A06001        MOVEQ            R6, #1      ;
   23 00000028 0A000007        BEQ              dun
   24 0000002C         ; for input number >1 
   25 0000002C E3A09002        MOV              R9, #2      ; iterator i from 2
                                                             to n.
   26 00000030 E1530009 
                       chk     CMP              R3, R9      ; checking if i==n
   27 00000034 0A000004        BEQ              dun         ; jump to store if 
                                                            done.
   28 00000038 E2899001        ADD              R9, #1      ; increment iterato
                                                            r
   29 0000003C         ; nth term = (n-1)th + (n-2)th 
   30 0000003C E0847005        ADD              R7, R4, R5  ;
   31 00000040         ; storing nth term in R5
   32 00000040 E1A04005        MOV              R4, R5      ;
   33 00000044         ;storing (n-1)th term in R4
   34 00000044 E1A05007        MOV              R5, R7      ;
   35 00000048         ; jump to chk to loop till i==n
   36 00000048 5AFFFFF8        BPL              chk         ;
   37 0000004C         ;store the result in [R2]
   38 0000004C E5825000 
                       dun     STR              R5, [R2]    ;
   39 00000050         
   40 00000050 EAFFFFFE 
                       stop    BAL              stop
   41 00000054         ; input_number
   42 00000054 0000000B 
                       inputnumber
                               DCD              11          ;
   43 00000058                 END
              00000000 
              00000000 
Command Line: --debug --xref --apcs=interwork --depend=.\q5.d -o.\q5.o -IC:\Kei
l\ARM\RV31\INC -IC:\Keil\ARM\CMSIS\Include --predefine="__EVAL SETA 1" --list=.
\q5.lst q5.s



ARM Macro Assembler    Page 1 Alphabetic symbol ordering
Relocatable symbols

AllocSpace 00000000

Symbol: AllocSpace
   Definitions
      At line 1 in file q5.s
   Uses
      None
Comment: AllocSpace unused
result 00000000

Symbol: result
   Definitions
      At line 3 in file q5.s
   Uses
      At line 11 in file q5.s
Comment: result used once
2 symbols



ARM Macro Assembler    Page 1 Alphabetic symbol ordering
Relocatable symbols

Reset_Handler 00000000

Symbol: Reset_Handler
   Definitions
      At line 7 in file q5.s
   Uses
      At line 6 in file q5.s
Comment: Reset_Handler used once
chk 00000030

Symbol: chk
   Definitions
      At line 26 in file q5.s
   Uses
      At line 36 in file q5.s
Comment: chk used once
dun 0000004C

Symbol: dun
   Definitions
      At line 38 in file q5.s
   Uses
      At line 19 in file q5.s
      At line 23 in file q5.s
      At line 27 in file q5.s

hmm 00000000

Symbol: hmm
   Definitions
      At line 5 in file q5.s
   Uses
      None
Comment: hmm unused
inputnumber 00000054

Symbol: inputnumber
   Definitions
      At line 42 in file q5.s
   Uses
      At line 9 in file q5.s
Comment: inputnumber used once
stop 00000050

Symbol: stop
   Definitions
      At line 40 in file q5.s
   Uses
      At line 40 in file q5.s
Comment: stop used once
6 symbols
341 symbols in table
